[2024-08-09T01:42:31.376+0000] {local_task_job_runner.py:120} INFO - ::group::Pre task execution logs
[2024-08-09T01:42:31.395+0000] {taskinstance.py:2076} INFO - Dependencies all met for dep_context=non-requeueable deps ti=<TaskInstance: etl_reddit_pipeline.reddit_extraction manual__2024-08-09T01:42:29.690857+00:00 [queued]>
[2024-08-09T01:42:31.399+0000] {taskinstance.py:2076} INFO - Dependencies all met for dep_context=requeueable deps ti=<TaskInstance: etl_reddit_pipeline.reddit_extraction manual__2024-08-09T01:42:29.690857+00:00 [queued]>
[2024-08-09T01:42:31.399+0000] {taskinstance.py:2306} INFO - Starting attempt 1 of 1
[2024-08-09T01:42:31.406+0000] {taskinstance.py:2330} INFO - Executing <Task(PythonOperator): reddit_extraction> on 2024-08-09 01:42:29.690857+00:00
[2024-08-09T01:42:31.412+0000] {standard_task_runner.py:64} INFO - Started process 73 to run task
[2024-08-09T01:42:31.416+0000] {standard_task_runner.py:90} INFO - Running: ['airflow', 'tasks', 'run', 'etl_reddit_pipeline', 'reddit_extraction', 'manual__2024-08-09T01:42:29.690857+00:00', '--job-id', '31', '--raw', '--subdir', 'DAGS_FOLDER/reddit_dag.py', '--cfg-path', '/tmp/tmpb0r1ahyy']
[2024-08-09T01:42:31.419+0000] {standard_task_runner.py:91} INFO - Job 31: Subtask reddit_extraction
[2024-08-09T01:42:31.495+0000] {task_command.py:426} INFO - Running <TaskInstance: etl_reddit_pipeline.reddit_extraction manual__2024-08-09T01:42:29.690857+00:00 [running]> on host 172cf4fb9077
[2024-08-09T01:42:31.555+0000] {taskinstance.py:2648} INFO - Exporting env vars: AIRFLOW_CTX_DAG_OWNER='Varun MJ' AIRFLOW_CTX_DAG_ID='etl_reddit_pipeline' AIRFLOW_CTX_TASK_ID='reddit_extraction' AIRFLOW_CTX_EXECUTION_DATE='2024-08-09T01:42:29.690857+00:00' AIRFLOW_CTX_TRY_NUMBER='1' AIRFLOW_CTX_DAG_RUN_ID='manual__2024-08-09T01:42:29.690857+00:00'
[2024-08-09T01:42:31.558+0000] {taskinstance.py:430} INFO - ::endgroup::
[2024-08-09T01:42:31.582+0000] {logging_mixin.py:188} INFO - Connected to reddit!
[2024-08-09T01:42:32.359+0000] {taskinstance.py:441} INFO - ::group::Post task execution logs
[2024-08-09T01:42:32.360+0000] {taskinstance.py:2905} ERROR - Task failed with exception
Traceback (most recent call last):
  File "/home/airflow/.local/lib/python3.11/site-packages/airflow/models/taskinstance.py", line 465, in _execute_task
    result = _execute_callable(context=context, **execute_callable_kwargs)
             ^^^^^^^^^^^^^^^^^^^^^^^^^^^^^^^^^^^^^^^^^^^^^^^^^^^^^^^^^^^^^
  File "/home/airflow/.local/lib/python3.11/site-packages/airflow/models/taskinstance.py", line 432, in _execute_callable
    return execute_callable(context=context, **execute_callable_kwargs)
           ^^^^^^^^^^^^^^^^^^^^^^^^^^^^^^^^^^^^^^^^^^^^^^^^^^^^^^^^^^^^
  File "/home/airflow/.local/lib/python3.11/site-packages/airflow/models/baseoperator.py", line 401, in wrapper
    return func(self, *args, **kwargs)
           ^^^^^^^^^^^^^^^^^^^^^^^^^^^
  File "/home/airflow/.local/lib/python3.11/site-packages/airflow/operators/python.py", line 235, in execute
    return_value = self.execute_callable()
                   ^^^^^^^^^^^^^^^^^^^^^^^
  File "/home/airflow/.local/lib/python3.11/site-packages/airflow/operators/python.py", line 252, in execute_callable
    return self.python_callable(*self.op_args, **self.op_kwargs)
           ^^^^^^^^^^^^^^^^^^^^^^^^^^^^^^^^^^^^^^^^^^^^^^^^^^^^^
  File "/opt/airflow/pipelines/reddit_pipeline.py", line 12, in reddit_pipeline
    posts =  extract_posts(instance,subreddit,time_filter,limit)
             ^^^^^^^^^^^^^^^^^^^^^^^^^^^^^^^^^^^^^^^^^^^^^^^^^^^
  File "/opt/airflow/etls/reddit_etl.py", line 29, in extract_posts
    post = {key: post_dict[key] for key in POST_FIELDS}
           ^^^^^^^^^^^^^^^^^^^^^^^^^^^^^^^^^^^^^^^^^^^^
  File "/opt/airflow/etls/reddit_etl.py", line 29, in <dictcomp>
    post = {key: post_dict[key] for key in POST_FIELDS}
                 ~~~~~~~~~^^^^^
KeyError: 'upvote_ratio,url'
[2024-08-09T01:42:32.381+0000] {taskinstance.py:1206} INFO - Marking task as FAILED. dag_id=etl_reddit_pipeline, task_id=reddit_extraction, run_id=manual__2024-08-09T01:42:29.690857+00:00, execution_date=20240809T014229, start_date=20240809T014231, end_date=20240809T014232
[2024-08-09T01:42:32.392+0000] {standard_task_runner.py:110} ERROR - Failed to execute job 31 for task reddit_extraction ('upvote_ratio,url'; 73)
[2024-08-09T01:42:32.416+0000] {local_task_job_runner.py:243} INFO - Task exited with return code 1
[2024-08-09T01:42:32.429+0000] {local_task_job_runner.py:222} INFO - ::endgroup::
