[2024-08-08T22:24:59.785+0000] {local_task_job_runner.py:120} INFO - ::group::Pre task execution logs
[2024-08-08T22:24:59.849+0000] {taskinstance.py:2076} INFO - Dependencies all met for dep_context=non-requeueable deps ti=<TaskInstance: etl_reddit_pipeline.reddit_extraction manual__2024-08-08T22:24:13.441355+00:00 [queued]>
[2024-08-08T22:24:59.867+0000] {taskinstance.py:2076} INFO - Dependencies all met for dep_context=requeueable deps ti=<TaskInstance: etl_reddit_pipeline.reddit_extraction manual__2024-08-08T22:24:13.441355+00:00 [queued]>
[2024-08-08T22:24:59.867+0000] {taskinstance.py:2306} INFO - Starting attempt 1 of 1
[2024-08-08T22:24:59.887+0000] {taskinstance.py:2330} INFO - Executing <Task(PythonOperator): reddit_extraction> on 2024-08-08 22:24:13.441355+00:00
[2024-08-08T22:24:59.903+0000] {standard_task_runner.py:64} INFO - Started process 54 to run task
[2024-08-08T22:24:59.958+0000] {standard_task_runner.py:90} INFO - Running: ['airflow', 'tasks', 'run', 'etl_reddit_pipeline', 'reddit_extraction', 'manual__2024-08-08T22:24:13.441355+00:00', '--job-id', '22', '--raw', '--subdir', 'DAGS_FOLDER/reddit_dag.py', '--cfg-path', '/tmp/tmp8vpvg6g_']
[2024-08-08T22:24:59.984+0000] {standard_task_runner.py:91} INFO - Job 22: Subtask reddit_extraction
[2024-08-08T22:25:00.445+0000] {task_command.py:426} INFO - Running <TaskInstance: etl_reddit_pipeline.reddit_extraction manual__2024-08-08T22:24:13.441355+00:00 [running]> on host a2ac52238b2d
[2024-08-08T22:25:00.718+0000] {taskinstance.py:2648} INFO - Exporting env vars: AIRFLOW_CTX_DAG_OWNER='Varun MJ' AIRFLOW_CTX_DAG_ID='etl_reddit_pipeline' AIRFLOW_CTX_TASK_ID='reddit_extraction' AIRFLOW_CTX_EXECUTION_DATE='2024-08-08T22:24:13.441355+00:00' AIRFLOW_CTX_TRY_NUMBER='1' AIRFLOW_CTX_DAG_RUN_ID='manual__2024-08-08T22:24:13.441355+00:00'
[2024-08-08T22:25:00.721+0000] {taskinstance.py:430} INFO - ::endgroup::
[2024-08-08T22:25:01.200+0000] {logging_mixin.py:188} INFO - Connected to reddit!
[2024-08-08T22:25:02.333+0000] {taskinstance.py:441} INFO - ::group::Post task execution logs
[2024-08-08T22:25:02.336+0000] {taskinstance.py:2905} ERROR - Task failed with exception
Traceback (most recent call last):
  File "/home/airflow/.local/lib/python3.11/site-packages/airflow/models/taskinstance.py", line 465, in _execute_task
    result = _execute_callable(context=context, **execute_callable_kwargs)
             ^^^^^^^^^^^^^^^^^^^^^^^^^^^^^^^^^^^^^^^^^^^^^^^^^^^^^^^^^^^^^
  File "/home/airflow/.local/lib/python3.11/site-packages/airflow/models/taskinstance.py", line 432, in _execute_callable
    return execute_callable(context=context, **execute_callable_kwargs)
           ^^^^^^^^^^^^^^^^^^^^^^^^^^^^^^^^^^^^^^^^^^^^^^^^^^^^^^^^^^^^
  File "/home/airflow/.local/lib/python3.11/site-packages/airflow/models/baseoperator.py", line 401, in wrapper
    return func(self, *args, **kwargs)
           ^^^^^^^^^^^^^^^^^^^^^^^^^^^
  File "/home/airflow/.local/lib/python3.11/site-packages/airflow/operators/python.py", line 235, in execute
    return_value = self.execute_callable()
                   ^^^^^^^^^^^^^^^^^^^^^^^
  File "/home/airflow/.local/lib/python3.11/site-packages/airflow/operators/python.py", line 252, in execute_callable
    return self.python_callable(*self.op_args, **self.op_kwargs)
           ^^^^^^^^^^^^^^^^^^^^^^^^^^^^^^^^^^^^^^^^^^^^^^^^^^^^^
  File "/opt/airflow/pipelines/reddit_pipeline.py", line 12, in reddit_pipeline
    posts =  extract_posts(instance,subreddit,time_filter,limit)
             ^^^^^^^^^^^^^^^^^^^^^^^^^^^^^^^^^^^^^^^^^^^^^^^^^^^
  File "/opt/airflow/etls/reddit_etl.py", line 29, in extract_posts
    post = {key: post_dict[key] for key in POST_FIELDS}
           ^^^^^^^^^^^^^^^^^^^^^^^^^^^^^^^^^^^^^^^^^^^^
  File "/opt/airflow/etls/reddit_etl.py", line 29, in <dictcomp>
    post = {key: post_dict[key] for key in POST_FIELDS}
                 ~~~~~~~~~^^^^^
KeyError: 'selftextscorenum_comments'
[2024-08-08T22:25:02.356+0000] {taskinstance.py:1206} INFO - Marking task as FAILED. dag_id=etl_reddit_pipeline, task_id=reddit_extraction, run_id=manual__2024-08-08T22:24:13.441355+00:00, execution_date=20240808T222413, start_date=20240808T222459, end_date=20240808T222502
[2024-08-08T22:25:02.377+0000] {standard_task_runner.py:110} ERROR - Failed to execute job 22 for task reddit_extraction ('selftextscorenum_comments'; 54)
[2024-08-08T22:25:02.395+0000] {local_task_job_runner.py:243} INFO - Task exited with return code 1
[2024-08-08T22:25:02.423+0000] {taskinstance.py:3503} INFO - 0 downstream tasks scheduled from follow-on schedule check
[2024-08-08T22:25:02.424+0000] {local_task_job_runner.py:222} INFO - ::endgroup::
